<?xml version="1.0" encoding="UTF-8"?>
<!-- Generated by org.testng.reporters.JUnitXMLReporter -->
<testsuite hostname="DESKTOP-EO1ES2I" ignored="0" name="Test" tests="2" failures="2" timestamp="25 Feb 2018 04:54:24 GMT" time="162.473" errors="0">
  <testcase name="createLead" time="67.114" classname="testcases.TC002_CreateLead">
    <failure type="java.lang.RuntimeException">
      <![CDATA[java.lang.RuntimeException
at utils.Reporter.reportStep(Reporter.java:61)
at utils.Reporter.reportStep(Reporter.java:71)
at wdMethods.SeMethods.getText(SeMethods.java:160)
at wdMethods.SeMethods.verifyPartialText(SeMethods.java:235)
at pages.HomePage.verifyLoggedName(HomePage.java:29)
at testcases.TC002_CreateLead.createLead(TC002_CreateLead.java:28)
at java.util.concurrent.ThreadPoolExecutor.runWorker(Unknown Source)
at java.util.concurrent.ThreadPoolExecutor$Worker.run(Unknown Source)
at java.lang.Thread.run(Unknown Source)
... Removed 10 stack frames]]>
    </failure>
  </testcase> <!-- createLead -->
  <testcase name="createLead" time="65.462" classname="testcases.TC002_CreateLead">
    <failure type="java.lang.RuntimeException">
      <![CDATA[java.lang.RuntimeException
at utils.Reporter.reportStep(Reporter.java:61)
at utils.Reporter.reportStep(Reporter.java:71)
at wdMethods.SeMethods.getText(SeMethods.java:160)
at wdMethods.SeMethods.verifyPartialText(SeMethods.java:235)
at pages.HomePage.verifyLoggedName(HomePage.java:29)
at testcases.TC002_CreateLead.createLead(TC002_CreateLead.java:28)
at java.util.concurrent.ThreadPoolExecutor.runWorker(Unknown Source)
at java.util.concurrent.ThreadPoolExecutor$Worker.run(Unknown Source)
at java.lang.Thread.run(Unknown Source)
... Removed 10 stack frames]]>
    </failure>
  </testcase> <!-- createLead -->
</testsuite> <!-- Test -->
